<?xml version="1.0" encoding="utf-8" standalone="no"?>
<!--This file represents the results of running a test suite-->
<test-results name="C:\Users\Matt\Documents\GitHub\SpaceWar2\SpaceWar2Tests\bin\Debug\DEMW.SpaceWar2Tests.dll" total="108" errors="10" failures="0" not-run="0" inconclusive="0" ignored="0" skipped="0" invalid="0" date="2012-12-23" time="23:01:24">
  <environment nunit-version="2.6.2.12296" clr-version="2.0.50727.6387" os-version="Microsoft Windows NT 6.2.9200.0" platform="Win32NT" cwd="C:\Users\Matt\Documents\GitHub\SpaceWar2" machine-name="NINJAWARRIOR" user="Matt" user-domain="NINJAWARRIOR" />
  <culture-info current-culture="en-GB" current-uiculture="en-GB" />
  <test-suite type="Assembly" name="C:\Users\Matt\Documents\GitHub\SpaceWar2\SpaceWar2Tests\bin\Debug\DEMW.SpaceWar2Tests.dll" executed="True" result="Failure" success="False" time="1.607" asserts="0">
    <results>
      <test-suite type="Namespace" name="DEMW" executed="True" result="Failure" success="False" time="1.591" asserts="0">
        <results>
          <test-suite type="Namespace" name="SpaceWar2Tests" executed="True" result="Failure" success="False" time="1.591" asserts="0">
            <results>
              <test-suite type="Namespace" name="Controls" executed="True" result="Success" success="True" time="0.671" asserts="0">
                <results>
                  <test-suite type="TestFixture" name="ControllerFactoryTests" executed="True" result="Success" success="True" time="0.577" asserts="0">
                    <results>
                      <test-suite type="ParameterizedTest" name="Both_default_controller_properties_return_an_appropriate_controller" executed="True" result="Success" success="True" time="0.562" asserts="0">
                        <results>
                          <test-case name="DEMW.SpaceWar2Tests.Controls.ControllerFactoryTests.Both_default_controller_properties_return_an_appropriate_controller(S,None,ReverseThrust)" executed="True" result="Success" success="True" time="0.530" asserts="2" />
                          <test-case name="DEMW.SpaceWar2Tests.Controls.ControllerFactoryTests.Both_default_controller_properties_return_an_appropriate_controller(D,None,TurnRight)" executed="True" result="Success" success="True" time="0.016" asserts="2" />
                          <test-case name="DEMW.SpaceWar2Tests.Controls.ControllerFactoryTests.Both_default_controller_properties_return_an_appropriate_controller(Up,Thrust,None)" executed="True" result="Success" success="True" time="0.000" asserts="2" />
                          <test-case name="DEMW.SpaceWar2Tests.Controls.ControllerFactoryTests.Both_default_controller_properties_return_an_appropriate_controller(R,None,FireProjectile)" executed="True" result="Success" success="True" time="0.000" asserts="2" />
                          <test-case name="DEMW.SpaceWar2Tests.Controls.ControllerFactoryTests.Both_default_controller_properties_return_an_appropriate_controller(Left,TurnLeft,None)" executed="True" result="Success" success="True" time="0.000" asserts="2" />
                          <test-case name="DEMW.SpaceWar2Tests.Controls.ControllerFactoryTests.Both_default_controller_properties_return_an_appropriate_controller(A,None,TurnLeft)" executed="True" result="Success" success="True" time="0.000" asserts="2" />
                          <test-case name="DEMW.SpaceWar2Tests.Controls.ControllerFactoryTests.Both_default_controller_properties_return_an_appropriate_controller(Right,TurnRight,None)" executed="True" result="Success" success="True" time="0.000" asserts="2" />
                          <test-case name="DEMW.SpaceWar2Tests.Controls.ControllerFactoryTests.Both_default_controller_properties_return_an_appropriate_controller(Down,ReverseThrust,None)" executed="True" result="Success" success="True" time="0.000" asserts="2" />
                          <test-case name="DEMW.SpaceWar2Tests.Controls.ControllerFactoryTests.Both_default_controller_properties_return_an_appropriate_controller(RightControl,FireProjectile,None)" executed="True" result="Success" success="True" time="0.016" asserts="2" />
                          <test-case name="DEMW.SpaceWar2Tests.Controls.ControllerFactoryTests.Both_default_controller_properties_return_an_appropriate_controller(W,None,Thrust)" executed="True" result="Success" success="True" time="0.000" asserts="2" />
                        </results>
                      </test-suite>
                    </results>
                  </test-suite>
                  <test-suite type="TestFixture" name="KeyboardControllerTests" executed="True" result="Success" success="True" time="0.031" asserts="0">
                    <results>
                      <test-case name="DEMW.SpaceWar2Tests.Controls.KeyboardControllerTests.GetAction_can_handle_multiple_actions_on_a_single_key" executed="True" result="Success" success="True" time="0.016" asserts="1" />
                      <test-case name="DEMW.SpaceWar2Tests.Controls.KeyboardControllerTests.GetAction_returns_correct_action_when_a_single_key_is_pressed" executed="True" result="Success" success="True" time="0.000" asserts="1" />
                      <test-case name="DEMW.SpaceWar2Tests.Controls.KeyboardControllerTests.GetAction_returns_correct_actions_when_multiple_keys_are_pressed" executed="True" result="Success" success="True" time="0.000" asserts="1" />
                      <test-case name="DEMW.SpaceWar2Tests.Controls.KeyboardControllerTests.GetAction_returns_none_when_no_mapped_keys_pressed" executed="True" result="Success" success="True" time="0.000" asserts="1" />
                      <test-case name="DEMW.SpaceWar2Tests.Controls.KeyboardControllerTests.SetMapping_binds_to_new_key_when_existing_mapping_is_re_bound" executed="True" result="Success" success="True" time="0.016" asserts="1" />
                      <test-case name="DEMW.SpaceWar2Tests.Controls.KeyboardControllerTests.SetMapping_unbinds_old_key_when_new_binding_is_made" executed="True" result="Success" success="True" time="0.000" asserts="1" />
                    </results>
                  </test-suite>
                  <test-suite type="TestFixture" name="KeyboardHandlerTests" executed="True" result="Success" success="True" time="0.031" asserts="0">
                    <results>
                      <test-suite type="ParameterizedTest" name="IsNewlyPressed_returns_correct_value_even_if_repeatedly_called" executed="True" result="Success" success="True" time="0.031" asserts="0">
                        <results>
                          <test-case name="DEMW.SpaceWar2Tests.Controls.KeyboardHandlerTests.IsNewlyPressed_returns_correct_value_even_if_repeatedly_called(Down)" executed="True" result="Success" success="True" time="0.016" asserts="3" />
                          <test-case name="DEMW.SpaceWar2Tests.Controls.KeyboardHandlerTests.IsNewlyPressed_returns_correct_value_even_if_repeatedly_called(Enter)" executed="True" result="Success" success="True" time="0.000" asserts="3" />
                          <test-case name="DEMW.SpaceWar2Tests.Controls.KeyboardHandlerTests.IsNewlyPressed_returns_correct_value_even_if_repeatedly_called(B)" executed="True" result="Success" success="True" time="0.000" asserts="3" />
                        </results>
                      </test-suite>
                      <test-suite type="ParameterizedTest" name="IsPressed_returns_correct_value_even_if_repeatedly_called" executed="True" result="Success" success="True" time="0.000" asserts="0">
                        <results>
                          <test-case name="DEMW.SpaceWar2Tests.Controls.KeyboardHandlerTests.IsPressed_returns_correct_value_even_if_repeatedly_called(Space)" executed="True" result="Success" success="True" time="0.000" asserts="2" />
                          <test-case name="DEMW.SpaceWar2Tests.Controls.KeyboardHandlerTests.IsPressed_returns_correct_value_even_if_repeatedly_called(Up)" executed="True" result="Success" success="True" time="0.000" asserts="2" />
                          <test-case name="DEMW.SpaceWar2Tests.Controls.KeyboardHandlerTests.IsPressed_returns_correct_value_even_if_repeatedly_called(A)" executed="True" result="Success" success="True" time="0.000" asserts="2" />
                        </results>
                      </test-suite>
                    </results>
                  </test-suite>
                  <test-suite type="TestFixture" name="KeyboardWrapperTests" executed="True" result="Success" success="True" time="0.016" asserts="0">
                    <results>
                      <test-case name="DEMW.SpaceWar2Tests.Controls.KeyboardWrapperTests.GetState_returnsdoes_not_throw_exception" executed="True" result="Success" success="True" time="0.000" asserts="1" />
                    </results>
                  </test-suite>
                  <test-suite type="TestFixture" name="NullShipControllerTests" executed="True" result="Success" success="True" time="0.000" asserts="0">
                    <results>
                      <test-case name="DEMW.SpaceWar2Tests.Controls.NullShipControllerTests.GetAction_returns_none" executed="True" result="Success" success="True" time="0.000" asserts="1" />
                    </results>
                  </test-suite>
                  <test-suite type="TestFixture" name="ShipActionTests" executed="True" result="Success" success="True" time="0.016" asserts="0">
                    <results>
                      <test-case name="DEMW.SpaceWar2Tests.Controls.ShipActionTests.ShipAction_has_flags_attribute" executed="True" result="Success" success="True" time="0.016" asserts="1" />
                      <test-case name="DEMW.SpaceWar2Tests.Controls.ShipActionTests.ShipAction_none_is_zero" executed="True" result="Success" success="True" time="0.000" asserts="1" />
                    </results>
                  </test-suite>
                </results>
              </test-suite>
              <test-suite type="TestFixture" name="GameObjectFactoryTests" executed="True" result="Failure" success="False" time="0.312" asserts="0">
                <results>
                  <test-case name="DEMW.SpaceWar2Tests.GameObjectFactoryTests.Constructor_throws_null_reference_exception_if_any_argument_is_null" executed="True" result="Error" success="False" time="0.094" asserts="0">
                    <failure>
                      <message><![CDATA[SetUp : Castle.DynamicProxy.InvalidProxyConstructorArgumentsException : Can not instantiate proxy of class: Microsoft.Xna.Framework.Content.ContentManager.
Could not find a parameterless constructor.]]></message>
                      <stack-trace><![CDATA[at Castle.DynamicProxy.ProxyGenerator.CreateClassProxyInstance(Type proxyType, List`1 proxyArguments, Type classToProxy, Object[] constructorArguments)
at Castle.DynamicProxy.ProxyGenerator.CreateClassProxy(Type classToProxy, Type[] additionalInterfacesToProxy, ProxyGenerationOptions options, Object[] constructorArguments, IInterceptor[] interceptors)
at NSubstitute.Proxies.CastleDynamicProxy.CastleDynamicProxyFactory.CreateProxyUsingCastleProxyGenerator(Type typeToProxy, Type[] additionalInterfaces, Object[] constructorArguments, IInterceptor interceptor, ProxyGenerationOptions proxyGenerationOptions)
at NSubstitute.Proxies.CastleDynamicProxy.CastleDynamicProxyFactory.GenerateProxy(ICallRouter callRouter, Type typeToProxy, Type[] additionalInterfaces, Object[] constructorArguments)
at NSubstitute.Proxies.ProxyFactory.GenerateProxy(ICallRouter callRouter, Type typeToProxy, Type[] additionalInterfaces, Object[] constructorArguments)
at NSubstitute.Core.SubstituteFactory.Create(Type[] typesToProxy, Object[] constructorArguments)
at NSubstitute.Substitute.For(Type[] typesToProxy, Object[] constructorArguments)
at NSubstitute.Substitute.For[T](Object[] constructorArguments)
at DEMW.SpaceWar2Tests.GameObjectFactoryTests.SetUp() in C:\Users\Matt\Documents\GitHub\SpaceWar2\SpaceWar2Tests\GameObjectFactoryTests.cs:line 29
]]></stack-trace>
                    </failure>
                  </test-case>
                  <test-case name="DEMW.SpaceWar2Tests.GameObjectFactoryTests.CreateShip_creates_a_Ship_with_the_specified_properties_and_adds_it_to_GameObjects" executed="True" result="Error" success="False" time="0.000" asserts="0">
                    <failure>
                      <message><![CDATA[SetUp : Castle.DynamicProxy.InvalidProxyConstructorArgumentsException : Can not instantiate proxy of class: Microsoft.Xna.Framework.Content.ContentManager.
Could not find a parameterless constructor.]]></message>
                      <stack-trace><![CDATA[at Castle.DynamicProxy.ProxyGenerator.CreateClassProxyInstance(Type proxyType, List`1 proxyArguments, Type classToProxy, Object[] constructorArguments)
at Castle.DynamicProxy.ProxyGenerator.CreateClassProxy(Type classToProxy, Type[] additionalInterfacesToProxy, ProxyGenerationOptions options, Object[] constructorArguments, IInterceptor[] interceptors)
at NSubstitute.Proxies.CastleDynamicProxy.CastleDynamicProxyFactory.CreateProxyUsingCastleProxyGenerator(Type typeToProxy, Type[] additionalInterfaces, Object[] constructorArguments, IInterceptor interceptor, ProxyGenerationOptions proxyGenerationOptions)
at NSubstitute.Proxies.CastleDynamicProxy.CastleDynamicProxyFactory.GenerateProxy(ICallRouter callRouter, Type typeToProxy, Type[] additionalInterfaces, Object[] constructorArguments)
at NSubstitute.Proxies.ProxyFactory.GenerateProxy(ICallRouter callRouter, Type typeToProxy, Type[] additionalInterfaces, Object[] constructorArguments)
at NSubstitute.Core.SubstituteFactory.Create(Type[] typesToProxy, Object[] constructorArguments)
at NSubstitute.Substitute.For(Type[] typesToProxy, Object[] constructorArguments)
at NSubstitute.Substitute.For[T](Object[] constructorArguments)
at DEMW.SpaceWar2Tests.GameObjectFactoryTests.SetUp() in C:\Users\Matt\Documents\GitHub\SpaceWar2\SpaceWar2Tests\GameObjectFactoryTests.cs:line 29
]]></stack-trace>
                    </failure>
                  </test-case>
                  <test-case name="DEMW.SpaceWar2Tests.GameObjectFactoryTests.CreateShip_registers_newly_created_ship_with_managers_and_simulators" executed="True" result="Error" success="False" time="0.016" asserts="0">
                    <failure>
                      <message><![CDATA[SetUp : Castle.DynamicProxy.InvalidProxyConstructorArgumentsException : Can not instantiate proxy of class: Microsoft.Xna.Framework.Content.ContentManager.
Could not find a parameterless constructor.]]></message>
                      <stack-trace><![CDATA[at Castle.DynamicProxy.ProxyGenerator.CreateClassProxyInstance(Type proxyType, List`1 proxyArguments, Type classToProxy, Object[] constructorArguments)
at Castle.DynamicProxy.ProxyGenerator.CreateClassProxy(Type classToProxy, Type[] additionalInterfacesToProxy, ProxyGenerationOptions options, Object[] constructorArguments, IInterceptor[] interceptors)
at NSubstitute.Proxies.CastleDynamicProxy.CastleDynamicProxyFactory.CreateProxyUsingCastleProxyGenerator(Type typeToProxy, Type[] additionalInterfaces, Object[] constructorArguments, IInterceptor interceptor, ProxyGenerationOptions proxyGenerationOptions)
at NSubstitute.Proxies.CastleDynamicProxy.CastleDynamicProxyFactory.GenerateProxy(ICallRouter callRouter, Type typeToProxy, Type[] additionalInterfaces, Object[] constructorArguments)
at NSubstitute.Proxies.ProxyFactory.GenerateProxy(ICallRouter callRouter, Type typeToProxy, Type[] additionalInterfaces, Object[] constructorArguments)
at NSubstitute.Core.SubstituteFactory.Create(Type[] typesToProxy, Object[] constructorArguments)
at NSubstitute.Substitute.For(Type[] typesToProxy, Object[] constructorArguments)
at NSubstitute.Substitute.For[T](Object[] constructorArguments)
at DEMW.SpaceWar2Tests.GameObjectFactoryTests.SetUp() in C:\Users\Matt\Documents\GitHub\SpaceWar2\SpaceWar2Tests\GameObjectFactoryTests.cs:line 29
]]></stack-trace>
                    </failure>
                  </test-case>
                  <test-case name="DEMW.SpaceWar2Tests.GameObjectFactoryTests.CreateSun_creates_a_Sun_with_the_specified_properties_and_adds_it_to_GameObjects" executed="True" result="Error" success="False" time="0.000" asserts="0">
                    <failure>
                      <message><![CDATA[SetUp : Castle.DynamicProxy.InvalidProxyConstructorArgumentsException : Can not instantiate proxy of class: Microsoft.Xna.Framework.Content.ContentManager.
Could not find a parameterless constructor.]]></message>
                      <stack-trace><![CDATA[at Castle.DynamicProxy.ProxyGenerator.CreateClassProxyInstance(Type proxyType, List`1 proxyArguments, Type classToProxy, Object[] constructorArguments)
at Castle.DynamicProxy.ProxyGenerator.CreateClassProxy(Type classToProxy, Type[] additionalInterfacesToProxy, ProxyGenerationOptions options, Object[] constructorArguments, IInterceptor[] interceptors)
at NSubstitute.Proxies.CastleDynamicProxy.CastleDynamicProxyFactory.CreateProxyUsingCastleProxyGenerator(Type typeToProxy, Type[] additionalInterfaces, Object[] constructorArguments, IInterceptor interceptor, ProxyGenerationOptions proxyGenerationOptions)
at NSubstitute.Proxies.CastleDynamicProxy.CastleDynamicProxyFactory.GenerateProxy(ICallRouter callRouter, Type typeToProxy, Type[] additionalInterfaces, Object[] constructorArguments)
at NSubstitute.Proxies.ProxyFactory.GenerateProxy(ICallRouter callRouter, Type typeToProxy, Type[] additionalInterfaces, Object[] constructorArguments)
at NSubstitute.Core.SubstituteFactory.Create(Type[] typesToProxy, Object[] constructorArguments)
at NSubstitute.Substitute.For(Type[] typesToProxy, Object[] constructorArguments)
at NSubstitute.Substitute.For[T](Object[] constructorArguments)
at DEMW.SpaceWar2Tests.GameObjectFactoryTests.SetUp() in C:\Users\Matt\Documents\GitHub\SpaceWar2\SpaceWar2Tests\GameObjectFactoryTests.cs:line 29
]]></stack-trace>
                    </failure>
                  </test-case>
                  <test-case name="DEMW.SpaceWar2Tests.GameObjectFactoryTests.CreateSun_registers_newly_created_sun_with_managers_and_simulators" executed="True" result="Error" success="False" time="0.000" asserts="0">
                    <failure>
                      <message><![CDATA[SetUp : Castle.DynamicProxy.InvalidProxyConstructorArgumentsException : Can not instantiate proxy of class: Microsoft.Xna.Framework.Content.ContentManager.
Could not find a parameterless constructor.]]></message>
                      <stack-trace><![CDATA[at Castle.DynamicProxy.ProxyGenerator.CreateClassProxyInstance(Type proxyType, List`1 proxyArguments, Type classToProxy, Object[] constructorArguments)
at Castle.DynamicProxy.ProxyGenerator.CreateClassProxy(Type classToProxy, Type[] additionalInterfacesToProxy, ProxyGenerationOptions options, Object[] constructorArguments, IInterceptor[] interceptors)
at NSubstitute.Proxies.CastleDynamicProxy.CastleDynamicProxyFactory.CreateProxyUsingCastleProxyGenerator(Type typeToProxy, Type[] additionalInterfaces, Object[] constructorArguments, IInterceptor interceptor, ProxyGenerationOptions proxyGenerationOptions)
at NSubstitute.Proxies.CastleDynamicProxy.CastleDynamicProxyFactory.GenerateProxy(ICallRouter callRouter, Type typeToProxy, Type[] additionalInterfaces, Object[] constructorArguments)
at NSubstitute.Proxies.ProxyFactory.GenerateProxy(ICallRouter callRouter, Type typeToProxy, Type[] additionalInterfaces, Object[] constructorArguments)
at NSubstitute.Core.SubstituteFactory.Create(Type[] typesToProxy, Object[] constructorArguments)
at NSubstitute.Substitute.For(Type[] typesToProxy, Object[] constructorArguments)
at NSubstitute.Substitute.For[T](Object[] constructorArguments)
at DEMW.SpaceWar2Tests.GameObjectFactoryTests.SetUp() in C:\Users\Matt\Documents\GitHub\SpaceWar2\SpaceWar2Tests\GameObjectFactoryTests.cs:line 29
]]></stack-trace>
                    </failure>
                  </test-case>
                  <test-case name="DEMW.SpaceWar2Tests.GameObjectFactoryTests.DestroyAll_removes_all_objects_from_GameObjects" executed="True" result="Error" success="False" time="0.000" asserts="0">
                    <failure>
                      <message><![CDATA[SetUp : Castle.DynamicProxy.InvalidProxyConstructorArgumentsException : Can not instantiate proxy of class: Microsoft.Xna.Framework.Content.ContentManager.
Could not find a parameterless constructor.]]></message>
                      <stack-trace><![CDATA[at Castle.DynamicProxy.ProxyGenerator.CreateClassProxyInstance(Type proxyType, List`1 proxyArguments, Type classToProxy, Object[] constructorArguments)
at Castle.DynamicProxy.ProxyGenerator.CreateClassProxy(Type classToProxy, Type[] additionalInterfacesToProxy, ProxyGenerationOptions options, Object[] constructorArguments, IInterceptor[] interceptors)
at NSubstitute.Proxies.CastleDynamicProxy.CastleDynamicProxyFactory.CreateProxyUsingCastleProxyGenerator(Type typeToProxy, Type[] additionalInterfaces, Object[] constructorArguments, IInterceptor interceptor, ProxyGenerationOptions proxyGenerationOptions)
at NSubstitute.Proxies.CastleDynamicProxy.CastleDynamicProxyFactory.GenerateProxy(ICallRouter callRouter, Type typeToProxy, Type[] additionalInterfaces, Object[] constructorArguments)
at NSubstitute.Proxies.ProxyFactory.GenerateProxy(ICallRouter callRouter, Type typeToProxy, Type[] additionalInterfaces, Object[] constructorArguments)
at NSubstitute.Core.SubstituteFactory.Create(Type[] typesToProxy, Object[] constructorArguments)
at NSubstitute.Substitute.For(Type[] typesToProxy, Object[] constructorArguments)
at NSubstitute.Substitute.For[T](Object[] constructorArguments)
at DEMW.SpaceWar2Tests.GameObjectFactoryTests.SetUp() in C:\Users\Matt\Documents\GitHub\SpaceWar2\SpaceWar2Tests\GameObjectFactoryTests.cs:line 29
]]></stack-trace>
                    </failure>
                  </test-case>
                  <test-case name="DEMW.SpaceWar2Tests.GameObjectFactoryTests.DestroyAll_removes_only_the_objects_that_match_the_provided_predicate" executed="True" result="Error" success="False" time="0.000" asserts="0">
                    <failure>
                      <message><![CDATA[SetUp : Castle.DynamicProxy.InvalidProxyConstructorArgumentsException : Can not instantiate proxy of class: Microsoft.Xna.Framework.Content.ContentManager.
Could not find a parameterless constructor.]]></message>
                      <stack-trace><![CDATA[at Castle.DynamicProxy.ProxyGenerator.CreateClassProxyInstance(Type proxyType, List`1 proxyArguments, Type classToProxy, Object[] constructorArguments)
at Castle.DynamicProxy.ProxyGenerator.CreateClassProxy(Type classToProxy, Type[] additionalInterfacesToProxy, ProxyGenerationOptions options, Object[] constructorArguments, IInterceptor[] interceptors)
at NSubstitute.Proxies.CastleDynamicProxy.CastleDynamicProxyFactory.CreateProxyUsingCastleProxyGenerator(Type typeToProxy, Type[] additionalInterfaces, Object[] constructorArguments, IInterceptor interceptor, ProxyGenerationOptions proxyGenerationOptions)
at NSubstitute.Proxies.CastleDynamicProxy.CastleDynamicProxyFactory.GenerateProxy(ICallRouter callRouter, Type typeToProxy, Type[] additionalInterfaces, Object[] constructorArguments)
at NSubstitute.Proxies.ProxyFactory.GenerateProxy(ICallRouter callRouter, Type typeToProxy, Type[] additionalInterfaces, Object[] constructorArguments)
at NSubstitute.Core.SubstituteFactory.Create(Type[] typesToProxy, Object[] constructorArguments)
at NSubstitute.Substitute.For(Type[] typesToProxy, Object[] constructorArguments)
at NSubstitute.Substitute.For[T](Object[] constructorArguments)
at DEMW.SpaceWar2Tests.GameObjectFactoryTests.SetUp() in C:\Users\Matt\Documents\GitHub\SpaceWar2\SpaceWar2Tests\GameObjectFactoryTests.cs:line 29
]]></stack-trace>
                    </failure>
                  </test-case>
                  <test-case name="DEMW.SpaceWar2Tests.GameObjectFactoryTests.GameObjects_is_initially_empty" executed="True" result="Error" success="False" time="0.016" asserts="0">
                    <failure>
                      <message><![CDATA[SetUp : Castle.DynamicProxy.InvalidProxyConstructorArgumentsException : Can not instantiate proxy of class: Microsoft.Xna.Framework.Content.ContentManager.
Could not find a parameterless constructor.]]></message>
                      <stack-trace><![CDATA[at Castle.DynamicProxy.ProxyGenerator.CreateClassProxyInstance(Type proxyType, List`1 proxyArguments, Type classToProxy, Object[] constructorArguments)
at Castle.DynamicProxy.ProxyGenerator.CreateClassProxy(Type classToProxy, Type[] additionalInterfacesToProxy, ProxyGenerationOptions options, Object[] constructorArguments, IInterceptor[] interceptors)
at NSubstitute.Proxies.CastleDynamicProxy.CastleDynamicProxyFactory.CreateProxyUsingCastleProxyGenerator(Type typeToProxy, Type[] additionalInterfaces, Object[] constructorArguments, IInterceptor interceptor, ProxyGenerationOptions proxyGenerationOptions)
at NSubstitute.Proxies.CastleDynamicProxy.CastleDynamicProxyFactory.GenerateProxy(ICallRouter callRouter, Type typeToProxy, Type[] additionalInterfaces, Object[] constructorArguments)
at NSubstitute.Proxies.ProxyFactory.GenerateProxy(ICallRouter callRouter, Type typeToProxy, Type[] additionalInterfaces, Object[] constructorArguments)
at NSubstitute.Core.SubstituteFactory.Create(Type[] typesToProxy, Object[] constructorArguments)
at NSubstitute.Substitute.For(Type[] typesToProxy, Object[] constructorArguments)
at NSubstitute.Substitute.For[T](Object[] constructorArguments)
at DEMW.SpaceWar2Tests.GameObjectFactoryTests.SetUp() in C:\Users\Matt\Documents\GitHub\SpaceWar2\SpaceWar2Tests\GameObjectFactoryTests.cs:line 29
]]></stack-trace>
                    </failure>
                  </test-case>
                </results>
              </test-suite>
              <test-suite type="Namespace" name="GameObjects" executed="True" result="Success" success="True" time="0.390" asserts="0">
                <results>
                  <test-suite type="Namespace" name="ShipComponents" executed="True" result="Success" success="True" time="0.359" asserts="0">
                    <results>
                      <test-suite type="TestFixture" name="EnergyStoreTests" executed="True" result="Success" success="True" time="0.031" asserts="0">
                        <results>
                          <test-case name="DEMW.SpaceWar2Tests.GameObjects.ShipComponents.EnergyStoreTests.Level_is_maximum_initially" executed="True" result="Success" success="True" time="0.000" asserts="1" />
                          <test-case name="DEMW.SpaceWar2Tests.GameObjects.ShipComponents.EnergyStoreTests.Recharge_increases_level_by_recharge_rate_deltaT" executed="True" result="Success" success="True" time="0.000" asserts="1" />
                          <test-case name="DEMW.SpaceWar2Tests.GameObjects.ShipComponents.EnergyStoreTests.Recharge_only_increases_up_to_max_level" executed="True" result="Success" success="True" time="0.016" asserts="1" />
                          <test-case name="DEMW.SpaceWar2Tests.GameObjects.ShipComponents.EnergyStoreTests.Recharge_with_negative_parameter_throws_exception" executed="True" result="Success" success="True" time="0.000" asserts="1" />
                          <test-case name="DEMW.SpaceWar2Tests.GameObjects.ShipComponents.EnergyStoreTests.Recharge_with_zero_parameter_does_nothing" executed="True" result="Success" success="True" time="0.000" asserts="1" />
                          <test-case name="DEMW.SpaceWar2Tests.GameObjects.ShipComponents.EnergyStoreTests.Request_energy_with_negative_argument_throws_exception" executed="True" result="Success" success="True" time="0.000" asserts="2" />
                          <test-case name="DEMW.SpaceWar2Tests.GameObjects.ShipComponents.EnergyStoreTests.Request_energy_with_no_energy_available_returns_zero_and_level_remains_zero" executed="True" result="Success" success="True" time="0.000" asserts="2" />
                          <test-case name="DEMW.SpaceWar2Tests.GameObjects.ShipComponents.EnergyStoreTests.Request_energy_with_only_partial_energy_available_returns_all_available_and_level_reduces_to_zero" executed="True" result="Success" success="True" time="0.000" asserts="2" />
                          <test-case name="DEMW.SpaceWar2Tests.GameObjects.ShipComponents.EnergyStoreTests.Request_energy_with_sufficient_energy_returns_correct_amount_and_reduces_level" executed="True" result="Success" success="True" time="0.000" asserts="2" />
                          <test-case name="DEMW.SpaceWar2Tests.GameObjects.ShipComponents.EnergyStoreTests.Request_energy_with_zero_argument_returns_zero_and_does_not_change_level" executed="True" result="Success" success="True" time="0.000" asserts="2" />
                        </results>
                      </test-suite>
                      <test-suite type="TestFixture" name="HullTests" executed="True" result="Success" success="True" time="0.031" asserts="0">
                        <results>
                          <test-case name="DEMW.SpaceWar2Tests.GameObjects.ShipComponents.HullTests.Damage_does_nothing_if_passed_zero" executed="True" result="Success" success="True" time="0.031" asserts="1" />
                          <test-case name="DEMW.SpaceWar2Tests.GameObjects.ShipComponents.HullTests.Damage_has_no_effect_if_associated_game_object_is_Expired" executed="True" result="Success" success="True" time="0.000" asserts="1" />
                          <test-case name="DEMW.SpaceWar2Tests.GameObjects.ShipComponents.HullTests.Damage_only_reduces_Level_as_far_as_zero" executed="True" result="Success" success="True" time="0.000" asserts="1" />
                          <test-case name="DEMW.SpaceWar2Tests.GameObjects.ShipComponents.HullTests.Damage_reduces_Level" executed="True" result="Success" success="True" time="0.000" asserts="1" />
                          <test-case name="DEMW.SpaceWar2Tests.GameObjects.ShipComponents.HullTests.Damage_throws_exception_if_passed_negative_parameter" executed="True" result="Success" success="True" time="0.000" asserts="1" />
                          <test-case name="DEMW.SpaceWar2Tests.GameObjects.ShipComponents.HullTests.Initial_Level_is_maxLevel" executed="True" result="Success" success="True" time="0.000" asserts="1" />
                        </results>
                      </test-suite>
                      <test-suite type="TestFixture" name="ShieldTests" executed="True" result="Success" success="True" time="0.047" asserts="0">
                        <results>
                          <test-case name="DEMW.SpaceWar2Tests.GameObjects.ShipComponents.ShieldTests.Damage_does_not_affect_shieldLevel_when_DamageAmount_is_negative_and_an_exception_is_thrown" executed="True" result="Success" success="True" time="0.016" asserts="3" />
                          <test-case name="DEMW.SpaceWar2Tests.GameObjects.ShipComponents.ShieldTests.Damage_does_not_reduce_shieldLevel_when_DamageAmount_is_zero" executed="True" result="Success" success="True" time="0.000" asserts="2" />
                          <test-case name="DEMW.SpaceWar2Tests.GameObjects.ShipComponents.ShieldTests.Damage_reduces_shieldLevel_by_DamageAmount_and_returns_zero_when_DamageAmound_is_less_than_shieldLevel" executed="True" result="Success" success="True" time="0.000" asserts="2" />
                          <test-case name="DEMW.SpaceWar2Tests.GameObjects.ShipComponents.ShieldTests.Damage_reduces_ShieldLevel_to_zero_and_returns_excess_when_DamageAmound_is_greater_than_SheildLevel" executed="True" result="Success" success="True" time="0.000" asserts="2" />
                          <test-case name="DEMW.SpaceWar2Tests.GameObjects.ShipComponents.ShieldTests.Recharge_has_no_effect_if_no_energy_available" executed="True" result="Success" success="True" time="0.016" asserts="1" />
                          <test-case name="DEMW.SpaceWar2Tests.GameObjects.ShipComponents.ShieldTests.Recharge_on_fully_charged_shield_does_not_call_RequestEnergy_on_ship" executed="True" result="Success" success="True" time="0.000" asserts="1" />
                          <test-case name="DEMW.SpaceWar2Tests.GameObjects.ShipComponents.ShieldTests.Recharge_only_recharges_by_available_energy" executed="True" result="Success" success="True" time="0.000" asserts="1" />
                          <test-case name="DEMW.SpaceWar2Tests.GameObjects.ShipComponents.ShieldTests.Recharge_only_requests_what_it_needs_to_reach_maxium_ShieldLevel" executed="True" result="Success" success="True" time="0.000" asserts="1" />
                          <test-case name="DEMW.SpaceWar2Tests.GameObjects.ShipComponents.ShieldTests.Recharge_requests_energy_from_ship_and_increases_SheildLevel_by_factor_of_deltaT_and_RechargeRate" executed="True" result="Success" success="True" time="0.000" asserts="1" />
                        </results>
                      </test-suite>
                      <test-suite type="TestFixture" name="ThrustArrayTests" executed="True" result="Success" success="True" time="0.203" asserts="0">
                        <results>
                          <test-case name="DEMW.SpaceWar2Tests.GameObjects.ShipComponents.ThrustArrayTests.EngageThrusters_applies_backwards_force_when_ReverseThrust_pressed" executed="True" result="Success" success="True" time="0.140" asserts="0" />
                          <test-case name="DEMW.SpaceWar2Tests.GameObjects.ShipComponents.ThrustArrayTests.EngageThrusters_applies_forward_force_when_Thrust_pressed" executed="True" result="Success" success="True" time="0.016" asserts="0" />
                          <test-case name="DEMW.SpaceWar2Tests.GameObjects.ShipComponents.ThrustArrayTests.EngageThrusters_applies_suitable_forces_when_forward_and_right_pressed" executed="True" result="Success" success="True" time="0.016" asserts="0" />
                          <test-case name="DEMW.SpaceWar2Tests.GameObjects.ShipComponents.ThrustArrayTests.EngageThrusters_applies_suitable_rotational_forces_when_left_pressed" executed="True" result="Success" success="True" time="0.000" asserts="0" />
                          <test-case name="DEMW.SpaceWar2Tests.GameObjects.ShipComponents.ThrustArrayTests.EngageThrusters_applies_suitable_rotational_forces_when_right_pressed" executed="True" result="Success" success="True" time="0.000" asserts="0" />
                          <test-case name="DEMW.SpaceWar2Tests.GameObjects.ShipComponents.ThrustArrayTests.EngageThrusters_does_not_thrust_when_called_with_no_ShipActions" executed="True" result="Success" success="True" time="0.000" asserts="0" />
                          <test-case name="DEMW.SpaceWar2Tests.GameObjects.ShipComponents.ThrustArrayTests.EngageThrusters_does_not_thrust_when_left_and_right_together" executed="True" result="Success" success="True" time="0.000" asserts="0" />
                          <test-case name="DEMW.SpaceWar2Tests.GameObjects.ShipComponents.ThrustArrayTests.EngageThrusters_does_not_thrust_when_no_power_is_available" executed="True" result="Success" success="True" time="0.000" asserts="0" />
                          <test-case name="DEMW.SpaceWar2Tests.GameObjects.ShipComponents.ThrustArrayTests.EngageThrusters_does_not_thrust_when_thrust_and_reverse_together" executed="True" result="Success" success="True" time="0.016" asserts="0" />
                          <test-case name="DEMW.SpaceWar2Tests.GameObjects.ShipComponents.ThrustArrayTests.EngageThrusters_scales_back_all_thrusters_evenly_when_under_powered" executed="True" result="Success" success="True" time="0.000" asserts="0" />
                        </results>
                      </test-suite>
                      <test-suite type="TestFixture" name="ThrusterTests" executed="True" result="Success" success="True" time="0.031" asserts="0">
                        <results>
                          <test-case name="DEMW.SpaceWar2Tests.GameObjects.ShipComponents.ThrusterTests.EnergyRequired_is_Throttle_times_max_Energy_draw" executed="True" result="Success" success="True" time="0.000" asserts="1" />
                          <test-case name="DEMW.SpaceWar2Tests.GameObjects.ShipComponents.ThrusterTests.Engage_caps_energyScalingFactor_to_one" executed="True" result="Success" success="True" time="0.000" asserts="2" />
                          <test-case name="DEMW.SpaceWar2Tests.GameObjects.ShipComponents.ThrusterTests.Engage_produces_force_proportional_to_Throttle_time_by_energyScalingFactor" executed="True" result="Success" success="True" time="0.000" asserts="2" />
                          <test-case name="DEMW.SpaceWar2Tests.GameObjects.ShipComponents.ThrusterTests.Engage_produces_full_force_when_full_Throttle_and_full_energyScalingFactor" executed="True" result="Success" success="True" time="0.000" asserts="2" />
                          <test-case name="DEMW.SpaceWar2Tests.GameObjects.ShipComponents.ThrusterTests.Engage_produces_no_force_when_no_Throttle_and_full_energyScalingFactor" executed="True" result="Success" success="True" time="0.000" asserts="2" />
                          <test-case name="DEMW.SpaceWar2Tests.GameObjects.ShipComponents.ThrusterTests.Engage_produces_no_force_when_some_Throttle_and_negative_energyScalingFactor" executed="True" result="Success" success="True" time="0.000" asserts="2" />
                          <test-case name="DEMW.SpaceWar2Tests.GameObjects.ShipComponents.ThrusterTests.Engage_produces_no_force_when_some_Throttle_and_zero_energyScalingFactor" executed="True" result="Success" success="True" time="0.000" asserts="2" />
                          <test-case name="DEMW.SpaceWar2Tests.GameObjects.ShipComponents.ThrusterTests.Throttle_can_be_set_to_a_value_between_zero_and_one" executed="True" result="Success" success="True" time="0.000" asserts="1" />
                          <test-case name="DEMW.SpaceWar2Tests.GameObjects.ShipComponents.ThrusterTests.Throttle_is_one_if_it_is_set_above_one" executed="True" result="Success" success="True" time="0.000" asserts="1" />
                          <test-case name="DEMW.SpaceWar2Tests.GameObjects.ShipComponents.ThrusterTests.Throttle_is_zero_if_it_is_set_below_zero" executed="True" result="Success" success="True" time="0.000" asserts="1" />
                          <test-case name="DEMW.SpaceWar2Tests.GameObjects.ShipComponents.ThrusterTests.Thruster_maxEnergyDraw_cannot_be_negative" executed="True" result="Success" success="True" time="0.000" asserts="2" />
                          <test-case name="DEMW.SpaceWar2Tests.GameObjects.ShipComponents.ThrusterTests.Thruster_maxEnergyDraw_cannot_be_zero" executed="True" result="Success" success="True" time="0.000" asserts="2" />
                        </results>
                      </test-suite>
                    </results>
                  </test-suite>
                  <test-suite type="TestFixture" name="ShipTests" executed="True" result="Inconclusive" success="False" time="0.000" asserts="0" />
                  <test-suite type="TestFixture" name="SunTests" executed="True" result="Success" success="True" time="0.016" asserts="0">
                    <results>
                      <test-case name="DEMW.SpaceWar2Tests.GameObjects.SunTests.Draw_does_nothing" executed="True" result="Success" success="True" time="0.000" asserts="0" />
                      <test-case name="DEMW.SpaceWar2Tests.GameObjects.SunTests.Sun_can_be_created_and_its_properties_are_set_in_the_constructor" executed="True" result="Success" success="True" time="0.016" asserts="4" />
                      <test-case name="DEMW.SpaceWar2Tests.GameObjects.SunTests.UpdateInternal_does_nothing" executed="True" result="Success" success="True" time="0.000" asserts="0" />
                    </results>
                  </test-suite>
                </results>
              </test-suite>
              <test-suite type="Namespace" name="Physics" executed="True" result="Failure" success="False" time="0.140" asserts="0">
                <results>
                  <test-suite type="TestFixture" name="ForceTests" executed="True" result="Success" success="True" time="0.016" asserts="0">
                    <results>
                      <test-case name="DEMW.SpaceWar2Tests.Physics.ForceTests.AddVector_adds_vector_and_does_not_affect_displacement" executed="True" result="Success" success="True" time="0.000" asserts="2" />
                      <test-case name="DEMW.SpaceWar2Tests.Physics.ForceTests.AddVector_adds_vector_to_Force_Vector_component" executed="True" result="Success" success="True" time="0.000" asserts="2" />
                      <test-case name="DEMW.SpaceWar2Tests.Physics.ForceTests.Force_default_constructor_creates_force_with_no_vector_and_no_displacement" executed="True" result="Success" success="True" time="0.000" asserts="2" />
                      <test-case name="DEMW.SpaceWar2Tests.Physics.ForceTests.Rotate_by_large_angle_does_not_affect_zero_Displacement" executed="True" result="Success" success="True" time="0.016" asserts="1" />
                      <test-case name="DEMW.SpaceWar2Tests.Physics.ForceTests.Rotate_by_small_angle_does_not_affect_zero_Displacement" executed="True" result="Success" success="True" time="0.000" asserts="1" />
                      <test-case name="DEMW.SpaceWar2Tests.Physics.ForceTests.Rotate_calculates_Displacement_and_Vector_correctly" executed="True" result="Success" success="True" time="0.000" asserts="2" />
                    </results>
                  </test-suite>
                  <test-suite type="TestFixture" name="GravitySimulatorTests" executed="True" result="Failure" success="False" time="0.078" asserts="0">
                    <results>
                      <test-case name="DEMW.SpaceWar2Tests.Physics.GravitySimulatorTests.Simulate_applies_correct_Force_for_collision_case" executed="True" result="Error" success="False" time="0.047" asserts="0">
                        <failure>
                          <message><![CDATA[NSubstitute.Exceptions.ReceivedCallsException : Expected to receive exactly 1 call matching:
	ApplyExternalForce(force => (((Convert(force.Vector.Length()) == 20) AndAlso (force.Vector.X == force.Vector.Y)) AndAlso (force.Vector.X > 0)))
Actually received no matching calls.
Received 1 non-matching call (non-matching arguments indicated with '*' characters):
	ApplyExternalForce(*Force*)
]]></message>
                          <stack-trace><![CDATA[at NSubstitute.Core.ReceivedCallsExceptionThrower.Throw(ICallSpecification callSpecification, IEnumerable`1 matchingCalls, IEnumerable`1 nonMatchingCalls, Quantity requiredQuantity)
at NSubstitute.Routing.Handlers.CheckReceivedCallsHandler.Handle(ICall call)
at NSubstitute.Routing.Route.<>c__DisplayClass3.<Handle>b__0(ICallHandler x)
at System.Linq.Enumerable.<>c__DisplayClass12`3.<CombineSelectors>b__11(TSource x)
at System.Linq.Enumerable.WhereSelectArrayIterator`2.MoveNext()
at System.Linq.Enumerable.FirstOrDefault[TSource](IEnumerable`1 source, Func`2 predicate)
at NSubstitute.Routing.Route.Handle(ICall call)
at NSubstitute.Core.CallRouter.Route(ICall call)
at NSubstitute.Proxies.CastleDynamicProxy.CastleForwardingInterceptor.Intercept(IInvocation invocation)
at Castle.DynamicProxy.AbstractInvocation.Proceed()
at Castle.Proxies.IGameObjectProxy.ApplyExternalForce(Force force)
at DEMW.SpaceWar2Tests.Physics.GravitySimulatorTests.Simulate_applies_correct_Force_for_collision_case() in C:\Users\Matt\Documents\GitHub\SpaceWar2\SpaceWar2Tests\Physics\GravitySimulatorTests.cs:line 76
]]></stack-trace>
                        </failure>
                      </test-case>
                      <test-case name="DEMW.SpaceWar2Tests.Physics.GravitySimulatorTests.Simulate_applies_correct_Force_for_non_collision_case" executed="True" result="Error" success="False" time="0.000" asserts="0">
                        <failure>
                          <message><![CDATA[NSubstitute.Exceptions.ReceivedCallsException : Expected to receive exactly 1 call matching:
	ApplyExternalForce(force => (((Convert(force.Vector.Length()) == 20) AndAlso (force.Vector.X == force.Vector.Y)) AndAlso (force.Vector.X < 0)))
Actually received no matching calls.
Received 1 non-matching call (non-matching arguments indicated with '*' characters):
	ApplyExternalForce(*Force*)
]]></message>
                          <stack-trace><![CDATA[at NSubstitute.Core.ReceivedCallsExceptionThrower.Throw(ICallSpecification callSpecification, IEnumerable`1 matchingCalls, IEnumerable`1 nonMatchingCalls, Quantity requiredQuantity)
at NSubstitute.Routing.Handlers.CheckReceivedCallsHandler.Handle(ICall call)
at NSubstitute.Routing.Route.<>c__DisplayClass3.<Handle>b__0(ICallHandler x)
at System.Linq.Enumerable.<>c__DisplayClass12`3.<CombineSelectors>b__11(TSource x)
at System.Linq.Enumerable.WhereSelectArrayIterator`2.MoveNext()
at System.Linq.Enumerable.FirstOrDefault[TSource](IEnumerable`1 source, Func`2 predicate)
at NSubstitute.Routing.Route.Handle(ICall call)
at NSubstitute.Core.CallRouter.Route(ICall call)
at NSubstitute.Proxies.CastleDynamicProxy.CastleForwardingInterceptor.Intercept(IInvocation invocation)
at Castle.DynamicProxy.AbstractInvocation.Proceed()
at Castle.Proxies.IGameObjectProxy.ApplyExternalForce(Force force)
at DEMW.SpaceWar2Tests.Physics.GravitySimulatorTests.Simulate_applies_correct_Force_for_non_collision_case() in C:\Users\Matt\Documents\GitHub\SpaceWar2\SpaceWar2Tests\Physics\GravitySimulatorTests.cs:line 59
]]></stack-trace>
                        </failure>
                      </test-case>
                      <test-case name="DEMW.SpaceWar2Tests.Physics.GravitySimulatorTests.Simulate_applies_external_Force_to_participant_but_not_to_source" executed="True" result="Success" success="True" time="0.000" asserts="0" />
                      <test-case name="DEMW.SpaceWar2Tests.Physics.GravitySimulatorTests.UnRegister_removes__source_GameObject_from_GravitySimulator" executed="True" result="Success" success="True" time="0.000" asserts="0" />
                      <test-case name="DEMW.SpaceWar2Tests.Physics.GravitySimulatorTests.UnRegister_removes_participant_GameObject_from_GravitySimulator" executed="True" result="Success" success="True" time="0.000" asserts="0" />
                    </results>
                  </test-suite>
                  <test-suite type="TestFixture" name="UniverseTests" executed="True" result="Success" success="True" time="0.047" asserts="0">
                    <results>
                      <test-suite type="ParameterizedTest" name="Contract_decreases_size_of_Universe_vertically_by_amount_and_maintains_horizontal_proportion" executed="True" result="Success" success="True" time="0.016" asserts="0">
                        <results>
                          <test-case name="DEMW.SpaceWar2Tests.Physics.UniverseTests.Contract_decreases_size_of_Universe_vertically_by_amount_and_maintains_horizontal_proportion(0)" executed="True" result="Success" success="True" time="0.016" asserts="6" />
                          <test-case name="DEMW.SpaceWar2Tests.Physics.UniverseTests.Contract_decreases_size_of_Universe_vertically_by_amount_and_maintains_horizontal_proportion(100)" executed="True" result="Success" success="True" time="0.000" asserts="6" />
                          <test-case name="DEMW.SpaceWar2Tests.Physics.UniverseTests.Contract_decreases_size_of_Universe_vertically_by_amount_and_maintains_horizontal_proportion(-50)" executed="True" result="Success" success="True" time="0.000" asserts="6" />
                        </results>
                      </test-suite>
                      <test-case name="DEMW.SpaceWar2Tests.Physics.UniverseTests.CopyDimensions_creates_new_Universe_with_the_same_dimensions" executed="True" result="Success" success="True" time="0.000" asserts="7" />
                      <test-suite type="ParameterizedTest" name="Expand_increases_size_of_Universe_vertically_by_amount_and_maintains_horizontal_proportion" executed="True" result="Success" success="True" time="0.016" asserts="0">
                        <results>
                          <test-case name="DEMW.SpaceWar2Tests.Physics.UniverseTests.Expand_increases_size_of_Universe_vertically_by_amount_and_maintains_horizontal_proportion(0)" executed="True" result="Success" success="True" time="0.000" asserts="6" />
                          <test-case name="DEMW.SpaceWar2Tests.Physics.UniverseTests.Expand_increases_size_of_Universe_vertically_by_amount_and_maintains_horizontal_proportion(-50)" executed="True" result="Success" success="True" time="0.000" asserts="6" />
                          <test-case name="DEMW.SpaceWar2Tests.Physics.UniverseTests.Expand_increases_size_of_Universe_vertically_by_amount_and_maintains_horizontal_proportion(100)" executed="True" result="Success" success="True" time="0.000" asserts="6" />
                        </results>
                      </test-suite>
                      <test-case name="DEMW.SpaceWar2Tests.Physics.UniverseTests.GetDefault_creates_a_new_Universe_with_default_dimensions" executed="True" result="Success" success="True" time="0.000" asserts="6" />
                      <test-case name="DEMW.SpaceWar2Tests.Physics.UniverseTests.Universe_creates_universe_and_initialises_the_dimension_properties" executed="True" result="Success" success="True" time="0.000" asserts="8" />
                      <test-case name="DEMW.SpaceWar2Tests.Physics.UniverseTests.UnRegister_removes_registered_object" executed="True" result="Success" success="True" time="0.000" asserts="0" />
                      <test-case name="DEMW.SpaceWar2Tests.Physics.UniverseTests.Update_constrains_registered_objects_to_the_dimensions_of_the_universe" executed="True" result="Success" success="True" time="0.016" asserts="0" />
                    </results>
                  </test-suite>
                </results>
              </test-suite>
              <test-suite type="Namespace" name="Utils" executed="True" result="Success" success="True" time="0.031" asserts="0">
                <results>
                  <test-suite type="TestFixture" name="ExtensionsTests" executed="True" result="Success" success="True" time="0.031" asserts="0">
                    <results>
                      <test-case name="DEMW.SpaceWar2Tests.Utils.ExtensionsTests.ForEach_applies_only_to_specified_subtype" executed="True" result="Success" success="True" time="0.031" asserts="0" />
                      <test-case name="DEMW.SpaceWar2Tests.Utils.ExtensionsTests.ForEach_runs_without_exception_on_empty_list" executed="True" result="Success" success="True" time="0.000" asserts="0" />
                    </results>
                  </test-suite>
                </results>
              </test-suite>
            </results>
          </test-suite>
        </results>
      </test-suite>
    </results>
  </test-suite>
</test-results>